<?xml version="1.0" encoding="UTF-8"?>
<!-- Generated by org.testng.reporters.JUnitXMLReporter -->
<testsuite hostname="DESKTOP-6D0EAN5" ignored="0" name="Test" tests="10" failures="1" timestamp="19 Aug 2020 10:51:15 GMT" time="34.222" errors="0">
  <testcase name="@AfterMethod tearDown" time="0.0" classname="com.payasia.generic.BaseLib">
    <failure type="org.openqa.selenium.WebDriverException" message="chrome not reachable
  (Session info: chrome=84.0.4147.125)
  (Driver info: chromedriver=2.33.506120 (e3e53437346286c0bc2d2dc9aa4915ba81d9023f),platform=Windows NT 10.0.18362 x86_64) (WARNING: The server did not provide any stacktrace information)
Command duration or timeout: 0 milliseconds
Build info: version: &amp;apos;3.5.3&amp;apos;, revision: &amp;apos;a88d25fe6b&amp;apos;, time: &amp;apos;2017-08-29T12:42:44.417Z&amp;apos;
System info: host: &amp;apos;DESKTOP-6D0EAN5&amp;apos;, ip: &amp;apos;10.10.94.33&amp;apos;, os.name: &amp;apos;Windows 10&amp;apos;, os.arch: &amp;apos;amd64&amp;apos;, os.version: &amp;apos;10.0&amp;apos;, java.version: &amp;apos;1.8.0_131&amp;apos;
Driver info: org.openqa.selenium.chrome.ChromeDriver
Capabilities [{mobileEmulationEnabled=false, hasTouchScreen=false, platform=XP, acceptSslCerts=true, webStorageEnabled=true, browserName=chrome, takesScreenshot=true, javascriptEnabled=true, platformName=XP, setWindowRect=true, unexpectedAlertBehaviour=, applicationCacheEnabled=false, rotatable=false, networkConnectionEnabled=false, chrome={chromedriverVersion=2.33.506120 (e3e53437346286c0bc2d2dc9aa4915ba81d9023f), userDataDir=C:\Users\kiran\AppData\Local\Temp\scoped_dir20056_7149}, takesHeapSnapshot=true, pageLoadStrategy=normal, unhandledPromptBehavior=, databaseEnabled=false, handlesAlerts=true, version=84.0.4147.125, browserConnectionEnabled=false, nativeEvents=true, locationContextEnabled=true, cssSelectorsEnabled=true}]
Session ID: 7875e98db92daba657c165dca142bf56">
      <![CDATA[org.openqa.selenium.WebDriverException: chrome not reachable
  (Session info: chrome=84.0.4147.125)
  (Driver info: chromedriver=2.33.506120 (e3e53437346286c0bc2d2dc9aa4915ba81d9023f),platform=Windows NT 10.0.18362 x86_64) (WARNING: The server did not provide any stacktrace information)
Command duration or timeout: 0 milliseconds
Build info: version: '3.5.3', revision: 'a88d25fe6b', time: '2017-08-29T12:42:44.417Z'
System info: host: 'DESKTOP-6D0EAN5', ip: '10.10.94.33', os.name: 'Windows 10', os.arch: 'amd64', os.version: '10.0', java.version: '1.8.0_131'
Driver info: org.openqa.selenium.chrome.ChromeDriver
Capabilities [{mobileEmulationEnabled=false, hasTouchScreen=false, platform=XP, acceptSslCerts=true, webStorageEnabled=true, browserName=chrome, takesScreenshot=true, javascriptEnabled=true, platformName=XP, setWindowRect=true, unexpectedAlertBehaviour=, applicationCacheEnabled=false, rotatable=false, networkConnectionEnabled=false, chrome={chromedriverVersion=2.33.506120 (e3e53437346286c0bc2d2dc9aa4915ba81d9023f), userDataDir=C:\Users\kiran\AppData\Local\Temp\scoped_dir20056_7149}, takesHeapSnapshot=true, pageLoadStrategy=normal, unhandledPromptBehavior=, databaseEnabled=false, handlesAlerts=true, version=84.0.4147.125, browserConnectionEnabled=false, nativeEvents=true, locationContextEnabled=true, cssSelectorsEnabled=true}]
Session ID: 7875e98db92daba657c165dca142bf56
	at org.openqa.selenium.remote.ErrorHandler.createThrowable(ErrorHandler.java:215)
	at org.openqa.selenium.remote.ErrorHandler.throwIfResponseFailed(ErrorHandler.java:167)
	at org.openqa.selenium.remote.http.JsonHttpResponseCodec.reconstructValue(JsonHttpResponseCodec.java:40)
	at org.openqa.selenium.remote.http.AbstractHttpResponseCodec.decode(AbstractHttpResponseCodec.java:82)
	at org.openqa.selenium.remote.http.AbstractHttpResponseCodec.decode(AbstractHttpResponseCodec.java:45)
	at org.openqa.selenium.remote.HttpCommandExecutor.execute(HttpCommandExecutor.java:164)
	at org.openqa.selenium.remote.service.DriverCommandExecutor.execute(DriverCommandExecutor.java:82)
	at org.openqa.selenium.remote.RemoteWebDriver.execute(RemoteWebDriver.java:646)
	at org.openqa.selenium.remote.RemoteWebDriver.execute(RemoteWebDriver.java:703)
	at org.openqa.selenium.remote.RemoteWebDriver.getScreenshotAs(RemoteWebDriver.java:388)
	at org.openqa.selenium.support.events.EventFiringWebDriver$2.invoke(EventFiringWebDriver.java:105)
	at com.sun.proxy.$Proxy10.getScreenshotAs(Unknown Source)
	at org.openqa.selenium.support.events.EventFiringWebDriver.getScreenshotAs(EventFiringWebDriver.java:288)
	at com.payasia.generic.ScreenshotLib.takeScreenshot(ScreenshotLib.java:19)
	at com.payasia.generic.BaseLib.tearDown(BaseLib.java:101)
... Removed 39 stack frames]]>
    </failure>
  </testcase> <!-- @AfterMethod tearDown -->
  <testcase name="@BeforeMethod setUp1" time="0.0" classname="com.payasia.generic.BaseLib">
    <skipped/>
  </testcase> <!-- @BeforeMethod setUp1 -->
  <testcase name="@AfterMethod tearDown" time="0.0" classname="com.payasia.generic.BaseLib">
    <skipped/>
  </testcase> <!-- @AfterMethod tearDown -->
  <testcase name="@BeforeMethod setUp1" time="0.0" classname="com.payasia.generic.BaseLib">
    <skipped/>
  </testcase> <!-- @BeforeMethod setUp1 -->
  <testcase name="@AfterMethod tearDown" time="0.0" classname="com.payasia.generic.BaseLib">
    <skipped/>
  </testcase> <!-- @AfterMethod tearDown -->
  <testcase name="@BeforeMethod setUp1" time="0.0" classname="com.payasia.generic.BaseLib">
    <skipped/>
  </testcase> <!-- @BeforeMethod setUp1 -->
  <testcase name="@AfterMethod tearDown" time="0.0" classname="com.payasia.generic.BaseLib">
    <skipped/>
  </testcase> <!-- @AfterMethod tearDown -->
  <testcase name="@BeforeMethod setUp1" time="0.0" classname="com.payasia.generic.BaseLib">
    <skipped/>
  </testcase> <!-- @BeforeMethod setUp1 -->
  <testcase name="@AfterMethod tearDown" time="0.0" classname="com.payasia.generic.BaseLib">
    <skipped/>
  </testcase> <!-- @AfterMethod tearDown -->
  <testcase name="@BeforeMethod setUp1" time="0.0" classname="com.payasia.generic.BaseLib">
    <skipped/>
  </testcase> <!-- @BeforeMethod setUp1 -->
  <testcase name="@AfterMethod tearDown" time="0.0" classname="com.payasia.generic.BaseLib">
    <skipped/>
  </testcase> <!-- @AfterMethod tearDown -->
  <testcase name="@BeforeMethod setUp1" time="0.009" classname="com.payasia.generic.BaseLib">
    <skipped/>
  </testcase> <!-- @BeforeMethod setUp1 -->
  <testcase name="@AfterMethod tearDown" time="0.0" classname="com.payasia.generic.BaseLib">
    <skipped/>
  </testcase> <!-- @AfterMethod tearDown -->
  <testcase name="@BeforeMethod setUp1" time="0.0" classname="com.payasia.generic.BaseLib">
    <skipped/>
  </testcase> <!-- @BeforeMethod setUp1 -->
  <testcase name="@AfterMethod tearDown" time="0.0" classname="com.payasia.generic.BaseLib">
    <skipped/>
  </testcase> <!-- @AfterMethod tearDown -->
  <testcase name="@BeforeMethod setUp1" time="0.0" classname="com.payasia.generic.BaseLib">
    <skipped/>
  </testcase> <!-- @BeforeMethod setUp1 -->
  <testcase name="@AfterMethod tearDown" time="0.0" classname="com.payasia.generic.BaseLib">
    <skipped/>
  </testcase> <!-- @AfterMethod tearDown -->
  <testcase name="@BeforeMethod setUp1" time="0.0" classname="com.payasia.generic.BaseLib">
    <skipped/>
  </testcase> <!-- @BeforeMethod setUp1 -->
  <testcase name="@AfterMethod tearDown" time="0.0" classname="com.payasia.generic.BaseLib">
    <skipped/>
  </testcase> <!-- @AfterMethod tearDown -->
  <testcase name="forgotPassword" time="5.153" classname="com.payasia.scripts.LoginTest">
    <failure type="java.lang.NoClassDefFoundError" message="org/apache/poi/EncryptedDocumentException">
      <![CDATA[java.lang.NoClassDefFoundError: org/apache/poi/EncryptedDocumentException
	at com.payasia.scripts.LoginTest.forgotPassword(LoginTest.java:133)
Caused by: java.lang.ClassNotFoundException: org.apache.poi.EncryptedDocumentException
	at java.net.URLClassLoader.findClass(Unknown Source)
	at java.lang.ClassLoader.loadClass(Unknown Source)
	at sun.misc.Launcher$AppClassLoader.loadClass(Unknown Source)
	at java.lang.ClassLoader.loadClass(Unknown Source)
	... 30 more
... Removed 29 stack frames]]>
    </failure>
  </testcase> <!-- forgotPassword -->
  <testcase name="forgotUsername" time="0.001" classname="com.payasia.scripts.LoginTest">
    <skipped/>
  </testcase> <!-- forgotUsername -->
  <testcase name="invalidLoginTest1" time="0.001" classname="com.payasia.scripts.LoginTest">
    <skipped/>
  </testcase> <!-- invalidLoginTest1 -->
  <testcase name="invalidLoginTest2" time="0.001" classname="com.payasia.scripts.LoginTest">
    <skipped/>
  </testcase> <!-- invalidLoginTest2 -->
  <testcase name="invalidLoginTest3" time="0.0" classname="com.payasia.scripts.LoginTest">
    <skipped/>
  </testcase> <!-- invalidLoginTest3 -->
  <testcase name="invalidLoginTest4" time="0.005" classname="com.payasia.scripts.LoginTest">
    <skipped/>
  </testcase> <!-- invalidLoginTest4 -->
  <testcase name="invalidLoginTest5" time="0.001" classname="com.payasia.scripts.LoginTest">
    <skipped/>
  </testcase> <!-- invalidLoginTest5 -->
  <testcase name="invalidLoginTest6" time="0.0" classname="com.payasia.scripts.LoginTest">
    <skipped/>
  </testcase> <!-- invalidLoginTest6 -->
  <testcase name="invalidLoginTest7" time="0.001" classname="com.payasia.scripts.LoginTest">
    <skipped/>
  </testcase> <!-- invalidLoginTest7 -->
  <testcase name="validLoginTest" time="0.0" classname="com.payasia.scripts.LoginTest">
    <skipped/>
  </testcase> <!-- validLoginTest -->
</testsuite> <!-- Test -->
